{
  "RSpec": {
    "coverage": {
      "/Users/chronix65/dev/wdi/usus/app/helpers/application_helper.rb": [
        1,
        null
      ],
      "/Users/chronix65/dev/wdi/usus/app/models/user.rb": [
        null,
        null,
        null,
        null,
        null,
        null,
        null,
        null,
        null,
        null,
        null,
        null,
        null,
        null,
        null,
        null,
        null,
        null,
        null,
        null,
        null,
        null,
        null,
        null,
        1,
        null,
        1,
        null,
        1,
        1,
        1,
        1,
        1,
        1,
        1,
        1,
        null,
        null
      ],
      "/Users/chronix65/dev/wdi/usus/app/models/search.rb": [
        1,
        null,
        null,
        null,
        null,
        null,
        null,
        null
      ]
    },
    "timestamp": 1399915397
  }
}
